#
# There is insufficient memory for the Java Runtime Environment to continue.
# Native memory allocation (malloc) failed to allocate 32744 bytes for ChunkPool::allocate
# Possible reasons:
#   The system is out of physical RAM or swap space
#   The process is running with CompressedOops enabled, and the Java Heap may be blocking the growth of the native heap
# Possible solutions:
#   Reduce memory load on the system
#   Increase physical memory or swap space
#   Check if swap backing store is full
#   Decrease Java heap size (-Xmx/-Xms)
#   Decrease number of Java threads
#   Decrease Java thread stack sizes (-Xss)
#   Set larger code cache with -XX:ReservedCodeCacheSize=
#   JVM is running with Unscaled Compressed Oops mode in which the Java heap is
#     placed in the first 4GB address space. The Java Heap base address is the
#     maximum limit for the native heap growth. Please use -XX:HeapBaseMinAddress
#     to set the Java Heap base and to place the Java Heap above 4GB virtual address.
# This output file may be truncated or incomplete.
#
#  Out of Memory Error (allocation.cpp:272), pid=7012, tid=0x0000000000005644
#
# JRE version: Java(TM) SE Runtime Environment (8.0_271-b09) (build 1.8.0_271-b09)
# Java VM: Java HotSpot(TM) 64-Bit Server VM (25.271-b09 mixed mode windows-amd64 compressed oops)
# Failed to write core dump. Minidumps are not enabled by default on client versions of Windows
#

---------------  T H R E A D  ---------------

Current thread (0x000001f50038a000):  JavaThread "C1 CompilerThread3" daemon [_thread_in_native, id=22084, stack(0x0000001d39100000,0x0000001d39200000)]

Stack: [0x0000001d39100000,0x0000001d39200000]
Native frames: (J=compiled Java code, j=interpreted, Vv=VM code, C=native code)
V  [jvm.dll+0x33f6c9]


Current CompileTask:
C1:  10527 2026   !   3       com.sun.javafx.tk.Toolkit::firePulse (279 bytes)


---------------  P R O C E S S  ---------------

Java Threads: ( => current thread )
  0x000001f500fb1800 JavaThread "Prism Font Disposer" daemon [_thread_blocked, id=17600, stack(0x0000001d39f00000,0x0000001d3a000000)]
  0x000001f500c08000 JavaThread "Thread-3" daemon [_thread_in_native, id=6148, stack(0x0000001d39a00000,0x0000001d39b00000)]
  0x000001f500bc8800 JavaThread "JavaFX-Launcher" [_thread_blocked, id=10080, stack(0x0000001d39b00000,0x0000001d39c00000)]
  0x000001f500a99800 JavaThread "JavaFX Application Thread" [_thread_in_native, id=1644, stack(0x0000001d39600000,0x0000001d39700000)]
  0x000001f500a8c800 JavaThread "Thread-1" daemon [_thread_blocked, id=6068, stack(0x0000001d39500000,0x0000001d39600000)]
  0x000001f5009b7000 JavaThread "QuantumRenderer-0" daemon [_thread_blocked, id=17396, stack(0x0000001d39400000,0x0000001d39500000)]
  0x000001f5003d3000 JavaThread "Service Thread" daemon [_thread_blocked, id=1448, stack(0x0000001d39200000,0x0000001d39300000)]
=>0x000001f50038a000 JavaThread "C1 CompilerThread3" daemon [_thread_in_native, id=22084, stack(0x0000001d39100000,0x0000001d39200000)]
  0x000001f57eff9800 JavaThread "C2 CompilerThread2" daemon [_thread_blocked, id=6436, stack(0x0000001d39000000,0x0000001d39100000)]
  0x000001f57efeb000 JavaThread "C2 CompilerThread1" daemon [_thread_blocked, id=19668, stack(0x0000001d38f00000,0x0000001d39000000)]
  0x000001f57efe9800 JavaThread "C2 CompilerThread0" daemon [_thread_blocked, id=18084, stack(0x0000001d38e00000,0x0000001d38f00000)]
  0x000001f500363800 JavaThread "Monitor Ctrl-Break" daemon [_thread_in_native, id=7460, stack(0x0000001d38d00000,0x0000001d38e00000)]
  0x000001f57ef7c800 JavaThread "Attach Listener" daemon [_thread_blocked, id=19412, stack(0x0000001d38c00000,0x0000001d38d00000)]
  0x000001f57ef7a800 JavaThread "Signal Dispatcher" daemon [_thread_blocked, id=19524, stack(0x0000001d38b00000,0x0000001d38c00000)]
  0x000001f57ef50000 JavaThread "Finalizer" daemon [_thread_blocked, id=21436, stack(0x0000001d38a00000,0x0000001d38b00000)]
  0x000001f57e35e000 JavaThread "Reference Handler" daemon [_thread_blocked, id=2904, stack(0x0000001d38900000,0x0000001d38a00000)]
  0x000001f5696a6000 JavaThread "main" [_thread_blocked, id=17952, stack(0x0000001d37f00000,0x0000001d38000000)]

Other Threads:
  0x000001f57ef24000 VMThread [stack: 0x0000001d38800000,0x0000001d38900000] [id=14884]
  0x000001f5003d6000 WatcherThread [stack: 0x0000001d39300000,0x0000001d39400000] [id=2484]

VM state:not at safepoint (normal execution)

VM Mutex/Monitor currently owned by a thread: None

heap address: 0x00000000a1e00000, size: 1506 MB, Compressed Oops mode: 32-bit
Narrow klass base: 0x0000000000000000, Narrow klass shift: 3
Compressed class space size: 1073741824 Address: 0x0000000100000000

Heap:
 PSYoungGen      total 28672K, used 10754K [0x00000000e0a00000, 0x00000000e4200000, 0x0000000100000000)
  eden space 24576K, 27% used [0x00000000e0a00000,0x00000000e10847d0,0x00000000e2200000)
  from space 4096K, 99% used [0x00000000e2200000,0x00000000e25fc050,0x00000000e2600000)
  to   space 4096K, 0% used [0x00000000e3e00000,0x00000000e3e00000,0x00000000e4200000)
 ParOldGen       total 65536K, used 22939K [0x00000000a1e00000, 0x00000000a5e00000, 0x00000000e0a00000)
  object space 65536K, 35% used [0x00000000a1e00000,0x00000000a3466d40,0x00000000a5e00000)
 Metaspace       used 18065K, capacity 18822K, committed 18944K, reserved 1064960K
  class space    used 2597K, capacity 2788K, committed 2816K, reserved 1048576K

Card table byte_map: [0x000001f57a350000,0x000001f57a650000] byte_map_base: 0x000001f579e41000

Marking Bits: (ParMarkBitMap*) 0x000000006dc47fe0
 Begin Bits: [0x000001f57a850000, 0x000001f57bfd8000)
 End Bits:   [0x000001f57bfd8000, 0x000001f57d760000)

Polling page: 0x000001f569770000

CodeCache: size=245760Kb used=6031Kb max_used=6031Kb free=239728Kb
 bounds [0x000001f56af90000, 0x000001f56b580000, 0x000001f579f90000]
 total_blobs=2686 nmethods=2024 adapters=574
 compilation: enabled

Compilation events (10 events):
Event: 10.436 Thread 0x000001f50038a000 nmethod 2020 0x000001f56b5744d0 code [0x000001f56b574660, 0x000001f56b574ca0]
Event: 10.436 Thread 0x000001f50038a000 2021       3       com.sun.javafx.PlatformUtil::isEmbedded (4 bytes)
Event: 10.436 Thread 0x000001f50038a000 nmethod 2021 0x000001f56b574e10 code [0x000001f56b574f60, 0x000001f56b575098]
Event: 10.436 Thread 0x000001f50038a000 2022       3       com.sun.javafx.PlatformUtil::isIOS (4 bytes)
Event: 10.436 Thread 0x000001f50038a000 nmethod 2022 0x000001f56b575110 code [0x000001f56b575260, 0x000001f56b575398]
Event: 10.436 Thread 0x000001f50038a000 2023       3       com.sun.javafx.sg.prism.CacheFilter::v2length (19 bytes)
Event: 10.436 Thread 0x000001f50038a000 nmethod 2023 0x000001f56b575410 code [0x000001f56b575580, 0x000001f56b575758]
Event: 10.437 Thread 0x000001f50038a000 2024       1       com.sun.prism.impl.ps.CachingShapeRepState$MaskTexData::access$300 (5 bytes)
Event: 10.437 Thread 0x000001f50038a000 nmethod 2024 0x000001f56b575850 code [0x000001f56b5759a0, 0x000001f56b575a98]
Event: 10.476 Thread 0x000001f50038a000 2026   !   3       com.sun.javafx.tk.Toolkit::firePulse (279 bytes)

GC Heap History (6 events):
Event: 2.653 GC heap before
{Heap before GC invocations=1 (full 0):
 PSYoungGen      total 28672K, used 22198K [0x00000000e0a00000, 0x00000000e2a00000, 0x0000000100000000)
  eden space 24576K, 90% used [0x00000000e0a00000,0x00000000e1fad9c8,0x00000000e2200000)
  from space 4096K, 0% used [0x00000000e2600000,0x00000000e2600000,0x00000000e2a00000)
  to   space 4096K, 0% used [0x00000000e2200000,0x00000000e2200000,0x00000000e2600000)
 ParOldGen       total 65536K, used 0K [0x00000000a1e00000, 0x00000000a5e00000, 0x00000000e0a00000)
  object space 65536K, 0% used [0x00000000a1e00000,0x00000000a1e00000,0x00000000a5e00000)
 Metaspace       used 10312K, capacity 10702K, committed 10752K, reserved 1058816K
  class space    used 1376K, capacity 1494K, committed 1536K, reserved 1048576K
Event: 2.657 GC heap after
Heap after GC invocations=1 (full 0):
 PSYoungGen      total 28672K, used 3381K [0x00000000e0a00000, 0x00000000e2a00000, 0x0000000100000000)
  eden space 24576K, 0% used [0x00000000e0a00000,0x00000000e0a00000,0x00000000e2200000)
  from space 4096K, 82% used [0x00000000e2200000,0x00000000e254d428,0x00000000e2600000)
  to   space 4096K, 0% used [0x00000000e2600000,0x00000000e2600000,0x00000000e2a00000)
 ParOldGen       total 65536K, used 80K [0x00000000a1e00000, 0x00000000a5e00000, 0x00000000e0a00000)
  object space 65536K, 0% used [0x00000000a1e00000,0x00000000a1e14010,0x00000000a5e00000)
 Metaspace       used 10312K, capacity 10702K, committed 10752K, reserved 1058816K
  class space    used 1376K, capacity 1494K, committed 1536K, reserved 1048576K
}
Event: 3.061 GC heap before
{Heap before GC invocations=2 (full 0):
 PSYoungGen      total 28672K, used 20545K [0x00000000e0a00000, 0x00000000e2a00000, 0x0000000100000000)
  eden space 24576K, 69% used [0x00000000e0a00000,0x00000000e1ac30e8,0x00000000e2200000)
  from space 4096K, 82% used [0x00000000e2200000,0x00000000e254d428,0x00000000e2600000)
  to   space 4096K, 0% used [0x00000000e2600000,0x00000000e2600000,0x00000000e2a00000)
 ParOldGen       total 65536K, used 80K [0x00000000a1e00000, 0x00000000a5e00000, 0x00000000e0a00000)
  object space 65536K, 0% used [0x00000000a1e00000,0x00000000a1e14010,0x00000000a5e00000)
 Metaspace       used 12090K, capacity 12476K, committed 12672K, reserved 1060864K
  class space    used 1662K, capacity 1801K, committed 1920K, reserved 1048576K
Event: 3.071 GC heap after
Heap after GC invocations=2 (full 0):
 PSYoungGen      total 28672K, used 4069K [0x00000000e0a00000, 0x00000000e4200000, 0x0000000100000000)
  eden space 24576K, 0% used [0x00000000e0a00000,0x00000000e0a00000,0x00000000e2200000)
  from space 4096K, 99% used [0x00000000e2600000,0x00000000e29f9438,0x00000000e2a00000)
  to   space 4096K, 0% used [0x00000000e2200000,0x00000000e2200000,0x00000000e2600000)
 ParOldGen       total 65536K, used 10263K [0x00000000a1e00000, 0x00000000a5e00000, 0x00000000e0a00000)
  object space 65536K, 15% used [0x00000000a1e00000,0x00000000a2805f90,0x00000000a5e00000)
 Metaspace       used 12090K, capacity 12476K, committed 12672K, reserved 1060864K
  class space    used 1662K, capacity 1801K, committed 1920K, reserved 1048576K
}
Event: 4.166 GC heap before
{Heap before GC invocations=3 (full 0):
 PSYoungGen      total 28672K, used 28645K [0x00000000e0a00000, 0x00000000e4200000, 0x0000000100000000)
  eden space 24576K, 100% used [0x00000000e0a00000,0x00000000e2200000,0x00000000e2200000)
  from space 4096K, 99% used [0x00000000e2600000,0x00000000e29f9438,0x00000000e2a00000)
  to   space 4096K, 0% used [0x00000000e2200000,0x00000000e2200000,0x00000000e2600000)
 ParOldGen       total 65536K, used 10263K [0x00000000a1e00000, 0x00000000a5e00000, 0x00000000e0a00000)
  object space 65536K, 15% used [0x00000000a1e00000,0x00000000a2805f90,0x00000000a5e00000)
 Metaspace       used 16489K, capacity 17122K, committed 17280K, reserved 1064960K
  class space    used 2435K, capacity 2636K, committed 2688K, reserved 1048576K
Event: 4.184 GC heap after
Heap after GC invocations=3 (full 0):
 PSYoungGen      total 28672K, used 4080K [0x00000000e0a00000, 0x00000000e4200000, 0x0000000100000000)
  eden space 24576K, 0% used [0x00000000e0a00000,0x00000000e0a00000,0x00000000e2200000)
  from space 4096K, 99% used [0x00000000e2200000,0x00000000e25fc050,0x00000000e2600000)
  to   space 4096K, 0% used [0x00000000e3e00000,0x00000000e3e00000,0x00000000e4200000)
 ParOldGen       total 65536K, used 22939K [0x00000000a1e00000, 0x00000000a5e00000, 0x00000000e0a00000)
  object space 65536K, 35% used [0x00000000a1e00000,0x00000000a3466d40,0x00000000a5e00000)
 Metaspace       used 16489K, capacity 17122K, committed 17280K, reserved 1064960K
  class space    used 2435K, capacity 2636K, committed 2688K, reserved 1048576K
}

Deoptimization events (10 events):
Event: 3.775 Thread 0x000001f500a99800 Uncommon trap: reason=class_check action=maybe_recompile pc=0x000001f56b266724 method=java.io.DataInputStream.readShort()S @ 4
Event: 3.775 Thread 0x000001f500a99800 Uncommon trap: reason=class_check action=maybe_recompile pc=0x000001f56b266724 method=java.io.DataInputStream.readShort()S @ 4
Event: 3.775 Thread 0x000001f500a99800 Uncommon trap: reason=class_check action=maybe_recompile pc=0x000001f56b266724 method=java.io.DataInputStream.readShort()S @ 4
Event: 3.783 Thread 0x000001f500a99800 Uncommon trap: reason=class_check action=maybe_recompile pc=0x000001f56b127368 method=java.lang.String.equals(Ljava/lang/Object;)Z @ 8
Event: 3.783 Thread 0x000001f500a99800 Uncommon trap: reason=class_check action=maybe_recompile pc=0x000001f56b127368 method=java.lang.String.equals(Ljava/lang/Object;)Z @ 8
Event: 3.783 Thread 0x000001f500a99800 Uncommon trap: reason=class_check action=maybe_recompile pc=0x000001f56b127368 method=java.lang.String.equals(Ljava/lang/Object;)Z @ 8
Event: 3.843 Thread 0x000001f500a99800 Uncommon trap: reason=class_check action=maybe_recompile pc=0x000001f56b127368 method=java.lang.String.equals(Ljava/lang/Object;)Z @ 8
Event: 4.078 Thread 0x000001f500a99800 Uncommon trap: reason=unstable_if action=reinterpret pc=0x000001f56b226750 method=sun.net.www.ParseUtil.encodePath(Ljava/lang/String;Z)Ljava/lang/String; @ 109
Event: 4.322 Thread 0x000001f500a99800 Uncommon trap: reason=unstable_if action=reinterpret pc=0x000001f56b374964 method=jdk.internal.org.objectweb.asm.Type.getArgumentsAndReturnSizes(Ljava/lang/String;)I @ 47
Event: 10.426 Thread 0x000001f500a99800 Uncommon trap: reason=unstable_if action=reinterpret pc=0x000001f56b111a40 method=java.lang.CharacterData.of(I)Ljava/lang/CharacterData; @ 4

Classes redefined (0 events):
No events

Internal exceptions (10 events):
Event: 0.548 Thread 0x000001f5696a6000 Exception <a 'java/lang/NullPointerException'> (0x00000000e0e4b2b8) thrown at [C:\jenkins\workspace\8-2-build-windows-amd64-cygwin\jdk8u271\605\hotspot\src\share\vm\interpreter\linkResolver.cpp, line 1185]
Event: 0.604 Thread 0x000001f5696a6000 Implicit null exception at 0x000001f56b0b2f95 to 0x000001f56b0b3169
Event: 2.315 Thread 0x000001f500a99800 Exception <a 'java/lang/NullPointerException'> (0x00000000e1b90b30) thrown at [C:\jenkins\workspace\8-2-build-windows-amd64-cygwin\jdk8u271\605\hotspot\src\share\vm\interpreter\linkResolver.cpp, line 1185]
Event: 2.315 Thread 0x000001f500a99800 Exception <a 'java/lang/NullPointerException'> (0x00000000e1b90b30) thrown at [C:\jenkins\workspace\8-2-build-windows-amd64-cygwin\jdk8u271\605\hotspot\src\share\vm\prims\jvm.cpp, line 1516]
Event: 2.610 Thread 0x000001f500a99800 Exception <a 'java/lang/ArrayIndexOutOfBoundsException'> (0x00000000e1f771b8) thrown at [C:\jenkins\workspace\8-2-build-windows-amd64-cygwin\jdk8u271\605\hotspot\src\share\vm\runtime\sharedRuntime.cpp, line 609]
Event: 2.610 Thread 0x000001f500a99800 Exception <a 'java/lang/ArrayIndexOutOfBoundsException'> (0x00000000e1f79770) thrown at [C:\jenkins\workspace\8-2-build-windows-amd64-cygwin\jdk8u271\605\hotspot\src\share\vm\runtime\sharedRuntime.cpp, line 609]
Event: 2.611 Thread 0x000001f500a99800 Exception <a 'java/lang/ArrayIndexOutOfBoundsException'> (0x00000000e1f7b618) thrown at [C:\jenkins\workspace\8-2-build-windows-amd64-cygwin\jdk8u271\605\hotspot\src\share\vm\runtime\sharedRuntime.cpp, line 609]
Event: 3.131 Thread 0x000001f500a99800 Exception <a 'java/lang/ArrayIndexOutOfBoundsException'> (0x00000000e13c19c0) thrown at [C:\jenkins\workspace\8-2-build-windows-amd64-cygwin\jdk8u271\605\hotspot\src\share\vm\runtime\sharedRuntime.cpp, line 609]
Event: 3.131 Thread 0x000001f500a99800 Exception <a 'java/lang/ArrayIndexOutOfBoundsException'> (0x00000000e13c2e38) thrown at [C:\jenkins\workspace\8-2-build-windows-amd64-cygwin\jdk8u271\605\hotspot\src\share\vm\runtime\sharedRuntime.cpp, line 609]
Event: 3.227 Thread 0x000001f500a99800 Exception <a 'java/io/FileNotFoundException'> (0x00000000e17af1d8) thrown at [C:\jenkins\workspace\8-2-build-windows-amd64-cygwin\jdk8u271\605\hotspot\src\share\vm\prims\jni.cpp, line 710]

Events (10 events):
Event: 8.668 loading class com/sun/javafx/geometry/BoundsUtils done
Event: 8.669 loading class com/sun/prism/shape/ShapeRep$InvalidationType
Event: 8.669 loading class com/sun/prism/shape/ShapeRep$InvalidationType done
Event: 10.426 Thread 0x000001f500a99800 Uncommon trap: trap_request=0xffffff65 fr.pc=0x000001f56b111a40
Event: 10.426 Thread 0x000001f500a99800 DEOPT PACKING pc=0x000001f56b111a40 sp=0x0000001d396fb350
Event: 10.426 Thread 0x000001f500a99800 DEOPT UNPACKING pc=0x000001f56afd5843 sp=0x0000001d396fb2f0 mode 2
Event: 10.426 loading class java/lang/CharacterData00
Event: 10.428 loading class java/lang/CharacterData00 done
Event: 10.428 Executing VM operation: Deoptimize
Event: 10.429 Executing VM operation: Deoptimize done


Dynamic libraries:
0x00007ff7cd5a0000 - 0x00007ff7cd5e7000 	C:\Program Files\Java\jdk1.8.0_271\bin\java.exe
0x00007ff87ca00000 - 0x00007ff87cc09000 	C:\Windows\SYSTEM32\ntdll.dll
0x00007ff87b8e0000 - 0x00007ff87b99d000 	C:\Windows\System32\KERNEL32.DLL
0x00007ff87a050000 - 0x00007ff87a3c9000 	C:\Windows\System32\KERNELBASE.dll
0x00007ff87c300000 - 0x00007ff87c3ae000 	C:\Windows\System32\ADVAPI32.dll
0x00007ff87b7b0000 - 0x00007ff87b853000 	C:\Windows\System32\msvcrt.dll
0x00007ff87b100000 - 0x00007ff87b19e000 	C:\Windows\System32\sechost.dll
0x00007ff87bbb0000 - 0x00007ff87bcd0000 	C:\Windows\System32\RPCRT4.dll
0x00007ff87c440000 - 0x00007ff87c5ec000 	C:\Windows\System32\USER32.dll
0x00007ff87a7e0000 - 0x00007ff87a806000 	C:\Windows\System32\win32u.dll
0x00007ff87c860000 - 0x00007ff87c889000 	C:\Windows\System32\GDI32.dll
0x00007ff87a4e0000 - 0x00007ff87a5f2000 	C:\Windows\System32\gdi32full.dll
0x00007ff87a3d0000 - 0x00007ff87a46d000 	C:\Windows\System32\msvcp_win.dll
0x00007ff87a600000 - 0x00007ff87a711000 	C:\Windows\System32\ucrtbase.dll
0x00007ff864980000 - 0x00007ff864c25000 	C:\Windows\WinSxS\amd64_microsoft.windows.common-controls_6595b64144ccf1df_6.0.22000.120_none_9d947278b86cc467\COMCTL32.dll
0x00007ff87b9a0000 - 0x00007ff87b9d1000 	C:\Windows\System32\IMM32.DLL
0x00007ff853b10000 - 0x00007ff853b25000 	C:\Program Files\Java\jdk1.8.0_271\jre\bin\vcruntime140.dll
0x00007ff841590000 - 0x00007ff84162b000 	C:\Program Files\Java\jdk1.8.0_271\jre\bin\msvcp140.dll
0x000000006d450000 - 0x000000006dcbf000 	C:\Program Files\Java\jdk1.8.0_271\jre\bin\server\jvm.dll
0x00007ff87c650000 - 0x00007ff87c658000 	C:\Windows\System32\PSAPI.DLL
0x00007ff874450000 - 0x00007ff874483000 	C:\Windows\SYSTEM32\WINMM.dll
0x00007ff873180000 - 0x00007ff87318a000 	C:\Windows\SYSTEM32\VERSION.dll
0x00007ff862520000 - 0x00007ff862529000 	C:\Windows\SYSTEM32\WSOCK32.dll
0x00007ff87b9f0000 - 0x00007ff87ba5f000 	C:\Windows\System32\WS2_32.dll
0x00007ff8790d0000 - 0x00007ff8790e8000 	C:\Windows\SYSTEM32\kernel.appcore.dll
0x00007ff876600000 - 0x00007ff876610000 	C:\Program Files\Java\jdk1.8.0_271\jre\bin\verify.dll
0x00007ff84ffa0000 - 0x00007ff84ffcb000 	C:\Program Files\Java\jdk1.8.0_271\jre\bin\java.dll
0x00007ff84ddd0000 - 0x00007ff84de00000 	C:\Program Files\Java\jdk1.8.0_271\jre\bin\instrument.dll
0x00007ff84ff50000 - 0x00007ff84ff68000 	C:\Program Files\Java\jdk1.8.0_271\jre\bin\zip.dll
0x00007ff87a890000 - 0x00007ff87b048000 	C:\Windows\System32\SHELL32.dll
0x00007ff878060000 - 0x00007ff8788c8000 	C:\Windows\SYSTEM32\windows.storage.dll
0x00007ff87b290000 - 0x00007ff87b609000 	C:\Windows\System32\combase.dll
0x00007ff877ef0000 - 0x00007ff878056000 	C:\Windows\SYSTEM32\wintypes.dll
0x00007ff87b1a0000 - 0x00007ff87b28a000 	C:\Windows\System32\SHCORE.dll
0x00007ff87c660000 - 0x00007ff87c6bd000 	C:\Windows\System32\shlwapi.dll
0x00007ff879e10000 - 0x00007ff879e31000 	C:\Windows\SYSTEM32\profapi.dll
0x00007ff84db20000 - 0x00007ff84db3a000 	C:\Program Files\JetBrains\IntelliJ IDEA 2021.1.2\bin\breakgen64.dll
0x00007ff84e820000 - 0x00007ff84e83c000 	C:\Program Files\Java\jdk1.8.0_271\jre\bin\net.dll
0x00007ff879500000 - 0x00007ff879567000 	C:\Windows\system32\mswsock.dll
0x000001f57fff0000 - 0x000001f57fff3000 	C:\Program Files\Java\jdk1.8.0_271\jre\bin\api-ms-win-core-console-l1-1-0.dll
0x000001f500720000 - 0x000001f500723000 	C:\Program Files\Java\jdk1.8.0_271\jre\bin\api-ms-win-core-console-l1-2-0.dll
0x000001f500730000 - 0x000001f500733000 	C:\Program Files\Java\jdk1.8.0_271\jre\bin\api-ms-win-core-datetime-l1-1-0.dll
0x000001f500740000 - 0x000001f500743000 	C:\Program Files\Java\jdk1.8.0_271\jre\bin\api-ms-win-core-debug-l1-1-0.dll
0x000001f500750000 - 0x000001f500753000 	C:\Program Files\Java\jdk1.8.0_271\jre\bin\api-ms-win-core-errorhandling-l1-1-0.dll
0x000001f500760000 - 0x000001f500764000 	C:\Program Files\Java\jdk1.8.0_271\jre\bin\api-ms-win-core-file-l1-1-0.dll
0x000001f500770000 - 0x000001f500773000 	C:\Program Files\Java\jdk1.8.0_271\jre\bin\api-ms-win-core-file-l1-2-0.dll
0x000001f500780000 - 0x000001f500783000 	C:\Program Files\Java\jdk1.8.0_271\jre\bin\api-ms-win-core-file-l2-1-0.dll
0x000001f500790000 - 0x000001f500793000 	C:\Program Files\Java\jdk1.8.0_271\jre\bin\api-ms-win-core-handle-l1-1-0.dll
0x000001f5007a0000 - 0x000001f5007a3000 	C:\Program Files\Java\jdk1.8.0_271\jre\bin\api-ms-win-core-heap-l1-1-0.dll
0x000001f5007b0000 - 0x000001f5007b3000 	C:\Program Files\Java\jdk1.8.0_271\jre\bin\api-ms-win-core-interlocked-l1-1-0.dll
0x000001f5007c0000 - 0x000001f5007c3000 	C:\Program Files\Java\jdk1.8.0_271\jre\bin\api-ms-win-core-libraryloader-l1-1-0.dll
0x000001f5007d0000 - 0x000001f5007d3000 	C:\Program Files\Java\jdk1.8.0_271\jre\bin\api-ms-win-core-localization-l1-2-0.dll
0x000001f5007e0000 - 0x000001f5007e3000 	C:\Program Files\Java\jdk1.8.0_271\jre\bin\api-ms-win-core-memory-l1-1-0.dll
0x000001f5007f0000 - 0x000001f5007f3000 	C:\Program Files\Java\jdk1.8.0_271\jre\bin\api-ms-win-core-namedpipe-l1-1-0.dll
0x000001f500800000 - 0x000001f500803000 	C:\Program Files\Java\jdk1.8.0_271\jre\bin\api-ms-win-core-processenvironment-l1-1-0.dll
0x000001f500810000 - 0x000001f500813000 	C:\Program Files\Java\jdk1.8.0_271\jre\bin\api-ms-win-core-processthreads-l1-1-0.dll
0x000001f500820000 - 0x000001f500823000 	C:\Program Files\Java\jdk1.8.0_271\jre\bin\api-ms-win-core-processthreads-l1-1-1.dll
0x000001f500830000 - 0x000001f500833000 	C:\Program Files\Java\jdk1.8.0_271\jre\bin\api-ms-win-core-profile-l1-1-0.dll
0x000001f500840000 - 0x000001f500843000 	C:\Program Files\Java\jdk1.8.0_271\jre\bin\api-ms-win-core-rtlsupport-l1-1-0.dll
0x000001f500850000 - 0x000001f500853000 	C:\Program Files\Java\jdk1.8.0_271\jre\bin\api-ms-win-core-string-l1-1-0.dll
0x000001f500860000 - 0x000001f500863000 	C:\Program Files\Java\jdk1.8.0_271\jre\bin\api-ms-win-core-synch-l1-1-0.dll
0x000001f500870000 - 0x000001f500873000 	C:\Program Files\Java\jdk1.8.0_271\jre\bin\api-ms-win-core-synch-l1-2-0.dll
0x000001f500880000 - 0x000001f500883000 	C:\Program Files\Java\jdk1.8.0_271\jre\bin\api-ms-win-core-sysinfo-l1-1-0.dll
0x000001f500890000 - 0x000001f500893000 	C:\Program Files\Java\jdk1.8.0_271\jre\bin\api-ms-win-core-timezone-l1-1-0.dll
0x000001f5008a0000 - 0x000001f5008a3000 	C:\Program Files\Java\jdk1.8.0_271\jre\bin\api-ms-win-core-util-l1-1-0.dll
0x000001f5008b0000 - 0x000001f5008b3000 	C:\Program Files\Java\jdk1.8.0_271\jre\bin\api-ms-win-crt-conio-l1-1-0.dll
0x000001f5008c0000 - 0x000001f5008c4000 	C:\Program Files\Java\jdk1.8.0_271\jre\bin\api-ms-win-crt-convert-l1-1-0.dll
0x000001f5008d0000 - 0x000001f5008d3000 	C:\Program Files\Java\jdk1.8.0_271\jre\bin\api-ms-win-crt-environment-l1-1-0.dll
0x000001f5008e0000 - 0x000001f5008e3000 	C:\Program Files\Java\jdk1.8.0_271\jre\bin\api-ms-win-crt-filesystem-l1-1-0.dll
0x000001f5008f0000 - 0x000001f5008f3000 	C:\Program Files\Java\jdk1.8.0_271\jre\bin\api-ms-win-crt-heap-l1-1-0.dll
0x000001f500900000 - 0x000001f500903000 	C:\Program Files\Java\jdk1.8.0_271\jre\bin\api-ms-win-crt-locale-l1-1-0.dll
0x000001f500910000 - 0x000001f500915000 	C:\Program Files\Java\jdk1.8.0_271\jre\bin\api-ms-win-crt-math-l1-1-0.dll
0x000001f500920000 - 0x000001f500925000 	C:\Program Files\Java\jdk1.8.0_271\jre\bin\api-ms-win-crt-multibyte-l1-1-0.dll
0x000001f500930000 - 0x000001f500940000 	C:\Program Files\Java\jdk1.8.0_271\jre\bin\api-ms-win-crt-private-l1-1-0.dll
0x000001f500940000 - 0x000001f500943000 	C:\Program Files\Java\jdk1.8.0_271\jre\bin\api-ms-win-crt-process-l1-1-0.dll
0x000001f500950000 - 0x000001f500954000 	C:\Program Files\Java\jdk1.8.0_271\jre\bin\api-ms-win-crt-runtime-l1-1-0.dll
0x000001f500960000 - 0x000001f500964000 	C:\Program Files\Java\jdk1.8.0_271\jre\bin\api-ms-win-crt-stdio-l1-1-0.dll
0x000001f500970000 - 0x000001f500974000 	C:\Program Files\Java\jdk1.8.0_271\jre\bin\api-ms-win-crt-string-l1-1-0.dll
0x000001f500980000 - 0x000001f500983000 	C:\Program Files\Java\jdk1.8.0_271\jre\bin\api-ms-win-crt-time-l1-1-0.dll
0x000001f500990000 - 0x000001f500993000 	C:\Program Files\Java\jdk1.8.0_271\jre\bin\api-ms-win-crt-utility-l1-1-0.dll
0x00007ff841490000 - 0x00007ff84158a000 	C:\Program Files\Java\jdk1.8.0_271\jre\bin\ucrtbase.dll
0x00007ff862860000 - 0x00007ff86286c000 	C:\Windows\System32\vcruntime140_1.dll
0x00007ff844cd0000 - 0x00007ff844cf3000 	C:\Program Files\Java\jdk1.8.0_271\jre\bin\prism_d3d.dll
0x00007ff86cc50000 - 0x00007ff86cdf6000 	C:\Windows\system32\d3d9.dll
0x00007ff876a90000 - 0x00007ff876abf000 	C:\Windows\SYSTEM32\dwmapi.dll
0x00007ff876e40000 - 0x00007ff876e78000 	C:\Windows\SYSTEM32\dxcore.dll
0x00007ff8767a0000 - 0x00007ff87684c000 	C:\Windows\system32\uxtheme.dll
0x00007ff808650000 - 0x00007ff80c507000 	C:\Windows\System32\DriverStore\FileRepository\igdlh64.inf_amd64_79857087326c891d\igdumdim64.dll
0x00007ff87c6c0000 - 0x00007ff87c85a000 	C:\Windows\System32\ole32.dll
0x00007ff87bad0000 - 0x00007ff87bba6000 	C:\Windows\System32\OLEAUT32.dll
0x00007ff87be90000 - 0x00007ff87c2fc000 	C:\Windows\System32\SETUPAPI.dll
0x00007ff873f80000 - 0x00007ff873fc4000 	C:\Windows\SYSTEM32\directxdatabasehelper.dll
0x00007ff876970000 - 0x00007ff8769a4000 	C:\Windows\SYSTEM32\ntmarta.dll
0x00007ff843700000 - 0x00007ff843745000 	C:\Program Files\Java\jdk1.8.0_271\jre\bin\glass.dll
0x00007ff87c8b0000 - 0x00007ff87c99c000 	C:\Windows\System32\COMDLG32.dll
0x00007ff87b690000 - 0x00007ff87b7ae000 	C:\Windows\System32\MSCTF.dll
0x00007ff87a810000 - 0x00007ff87a88f000 	C:\Windows\System32\bcryptPrimitives.dll
0x00007ff86ae80000 - 0x00007ff86c471000 	C:\Windows\System32\DriverStore\FileRepository\igdlh64.inf_amd64_79857087326c891d\igc64.dll
0x00007ff841460000 - 0x00007ff84148c000 	C:\Program Files\Java\jdk1.8.0_271\jre\bin\javafx_iio.dll
0x00007ff847580000 - 0x00007ff847594000 	C:\Program Files\Java\jdk1.8.0_271\jre\bin\javafx_font.dll
0x00007ff877440000 - 0x00007ff87769f000 	C:\Windows\SYSTEM32\dwrite.dll
0x00007ff87b050000 - 0x00007ff87b0ff000 	C:\Windows\System32\clbcatq.dll
0x00007ff871db0000 - 0x00007ff871f5e000 	C:\Windows\SYSTEM32\WindowsCodecs.dll
0x00007ff84fbf0000 - 0x00007ff84fc4d000 	C:\Windows\system32\dataexchange.dll
0x00007ff871180000 - 0x00007ff8713e6000 	C:\Windows\system32\twinapi.appcore.dll
0x00007ff8444b0000 - 0x00007ff8444e2000 	C:\Program Files\Common Files\Microsoft Shared\Ink\rtscom.dll
0x00007ff85d440000 - 0x00007ff85d56d000 	C:\Windows\SYSTEM32\textinputframework.dll
0x00007ff875e30000 - 0x00007ff875f62000 	C:\Windows\SYSTEM32\CoreMessaging.dll
0x00007ff872e00000 - 0x00007ff87316d000 	C:\Windows\SYSTEM32\CoreUIComponents.dll
0x00007ff879740000 - 0x00007ff87974c000 	C:\Windows\SYSTEM32\CRYPTBASE.DLL
0x00007ff844490000 - 0x00007ff8444a2000 	C:\Program Files\Java\jdk1.8.0_271\jre\bin\prism_common.dll
0x0000000010000000 - 0x0000000010012000 	C:\Program Files\WIDCOMM\Bluetooth Software\btkeyind.dll

VM Arguments:
jvm_args: -javaagent:C:\Program Files\JetBrains\IntelliJ IDEA 2021.1.2\lib\idea_rt.jar=55099:C:\Program Files\JetBrains\IntelliJ IDEA 2021.1.2\bin -Dfile.encoding=UTF-8 
java_command: Appinitialzer
java_class_path (initial): C:\Program Files\Java\jdk1.8.0_271\jre\lib\charsets.jar;C:\Program Files\Java\jdk1.8.0_271\jre\lib\deploy.jar;C:\Program Files\Java\jdk1.8.0_271\jre\lib\ext\access-bridge-64.jar;C:\Program Files\Java\jdk1.8.0_271\jre\lib\ext\cldrdata.jar;C:\Program Files\Java\jdk1.8.0_271\jre\lib\ext\dnsns.jar;C:\Program Files\Java\jdk1.8.0_271\jre\lib\ext\jaccess.jar;C:\Program Files\Java\jdk1.8.0_271\jre\lib\ext\jfxrt.jar;C:\Program Files\Java\jdk1.8.0_271\jre\lib\ext\localedata.jar;C:\Program Files\Java\jdk1.8.0_271\jre\lib\ext\nashorn.jar;C:\Program Files\Java\jdk1.8.0_271\jre\lib\ext\sunec.jar;C:\Program Files\Java\jdk1.8.0_271\jre\lib\ext\sunjce_provider.jar;C:\Program Files\Java\jdk1.8.0_271\jre\lib\ext\sunmscapi.jar;C:\Program Files\Java\jdk1.8.0_271\jre\lib\ext\sunpkcs11.jar;C:\Program Files\Java\jdk1.8.0_271\jre\lib\ext\zipfs.jar;C:\Program Files\Java\jdk1.8.0_271\jre\lib\javaws.jar;C:\Program Files\Java\jdk1.8.0_271\jre\lib\jce.jar;C:\Program Files\Java\jdk1.8.0_271\jre\lib\jfr.jar;C:\Program Files\Java\jdk1.8.0_271\jre\lib\jfxswt.jar;C:\Program Files\Java\jdk1.8.0_271\jre\lib\jsse.jar;C:\Program Files\Java\jdk1.8.0_271\jre\lib\management-agent.jar;C:\Program Files\Java\jdk1.8.0_271\jre\lib\plugin.jar;C:\Program Files\Java\jdk1.8.0_271\jre\lib\resources.jar;C:\Program Files\Java\jdk1.8.0_271\jre\lib\rt.jar;D:\Project\MVC\MVC New\out\production\MVC New;D:\Project\MVC\MVC New\src\lib\jfoenix-8.0.7.jar;D:\Project\MVC\MVC New\src\lib\mysql-connector-java-8.0.25.jar;C:\Program Files\JetBrains\IntelliJ IDEA 2021.1.2\lib\idea_rt.jar
Launcher Type: SUN_STANDARD

Environment Variables:
PATH=C:\Program Files (x86)\Common Files\Oracle\Java\javapath;C:\Windows\system32;C:\Windows;C:\Windows\System32\Wbem;C:\Windows\System32\WindowsPowerShell\v1.0\;C:\Windows\System32\OpenSSH\;C:\Program Files (x86)\NVIDIA Corporation\PhysX\Common;C:\Program Files\NVIDIA Corporation\NVIDIA NvDLISR;C:\Program Files\Git\cmd;C:\Program Files\nodejs\;C:\Program Files\MySQL\MySQL Shell 8.0\bin\;C:\Users\shara\AppData\Local\Microsoft\WindowsApps;C:\Users\shara\AppData\Roaming\npm
USERNAME=shara
OS=Windows_NT
PROCESSOR_IDENTIFIER=Intel64 Family 6 Model 142 Stepping 10, GenuineIntel



---------------  S Y S T E M  ---------------

OS: Windows 10.0 , 64 bit Build 22000 (10.0.22000.708)

CPU:total 8 (initial active 8) (4 cores per cpu, 2 threads per core) family 6 model 142 stepping 10, cmov, cx8, fxsr, mmx, sse, sse2, sse3, ssse3, sse4.1, sse4.2, popcnt, avx, avx2, aes, clmul, erms, 3dnowpref, lzcnt, ht, tsc, tscinvbit, bmi1, bmi2, adx

Memory: 4k page, physical 6165732k(385716k free), swap 10360036k(1592k free)

vm_info: Java HotSpot(TM) 64-Bit Server VM (25.271-b09) for windows-amd64 JRE (1.8.0_271-b09), built on Sep 16 2020 19:14:59 by "" with MS VC++ 15.9 (VS2017)

time: Thu Jun 30 10:41:59 2022
timezone: Sri Lanka Standard Time
elapsed time: 10.542428 seconds (0d 0h 0m 10s)

